2024-08-08 18:02:22 - INFO - Simulating doublets...
2024-08-08 18:02:22 - INFO - Spectral embedding ...
2024-08-08 18:02:36 - INFO - Calculating doublet scores...
2024-08-08 18:02:56 - INFO - Detected doublet rate = 4.967%
2024-08-08 18:02:56 - INFO - Selected 5210 features.
/home/apetukhova/anaconda3/envs/snapatac/lib/python3.9/site-packages/snapatac2/preprocessing/_basic.py:856: ImplicitModificationWarning: Trying to modify attribute `.var` of view, initializing view as actual.
  adata.var['count'] = count
2024-08-08 18:02:56 - INFO - Selected 4690 features.
/home/apetukhova/anaconda3/envs/snapatac/lib/python3.9/site-packages/umap/umap_.py:1945: UserWarning: n_jobs value 1 overridden to 1 by setting random_state. Use no seed for parallelism.
  warn(f"n_jobs value {self.n_jobs} overridden to 1 by setting random_state. Use no seed for parallelism.")
2024-08-08 18:04:36 - INFO - Simulating doublets...
2024-08-08 18:04:36 - INFO - Spectral embedding ...
2024-08-08 18:04:41 - INFO - Calculating doublet scores...
2024-08-08 18:04:43 - INFO - Detected doublet rate = 1.411%
2024-08-08 18:04:43 - INFO - Selected 5208 features.
/home/apetukhova/anaconda3/envs/snapatac/lib/python3.9/site-packages/snapatac2/preprocessing/_basic.py:856: ImplicitModificationWarning:

Trying to modify attribute `.var` of view, initializing view as actual.

2024-08-08 18:04:43 - INFO - Selected 4688 features.
/home/apetukhova/anaconda3/envs/snapatac/lib/python3.9/site-packages/umap/umap_.py:1945: UserWarning:

n_jobs value 1 overridden to 1 by setting random_state. Use no seed for parallelism.

2024-08-08 18:05:14 - INFO - maxp pruned
2024-08-08 18:05:14 - INFO - cmap pruned
2024-08-08 18:05:14 - INFO - kern dropped
2024-08-08 18:05:14 - INFO - post pruned
2024-08-08 18:05:14 - INFO - FFTM dropped
2024-08-08 18:05:14 - INFO - GPOS pruned
2024-08-08 18:05:14 - INFO - GSUB pruned
2024-08-08 18:05:14 - INFO - glyf pruned
2024-08-08 18:05:14 - INFO - Added gid0 to subset
2024-08-08 18:05:14 - INFO - Added first four glyphs to subset
2024-08-08 18:05:14 - INFO - Closing glyph list over 'GSUB': 30 glyphs before
2024-08-08 18:05:14 - INFO - Glyph names: ['.notdef', '.null', 'A', 'C', 'N', 'T', 'a', 'b', 'c', 'd', 'e', 'eight', 'f', 'four', 'g', 'i', 'l', 'm', 'n', 'nonmarkingreturn', 'o', 'one', 'r', 's', 'six', 'space', 't', 'two', 'u', 'zero']
2024-08-08 18:05:14 - INFO - Glyph IDs:   [0, 1, 2, 3, 19, 20, 21, 23, 25, 27, 36, 38, 49, 55, 68, 69, 70, 71, 72, 73, 74, 76, 79, 80, 81, 82, 85, 86, 87, 88]
2024-08-08 18:05:14 - INFO - Closed glyph list over 'GSUB': 35 glyphs after
2024-08-08 18:05:14 - INFO - Glyph names: ['.notdef', '.null', 'A', 'C', 'N', 'T', 'a', 'b', 'c', 'd', 'e', 'eight', 'f', 'fi', 'fl', 'four', 'g', 'i', 'l', 'm', 'n', 'nonmarkingreturn', 'o', 'one', 'r', 's', 'six', 'space', 't', 'two', 'u', 'uniFB00', 'uniFB03', 'uniFB04', 'zero']
2024-08-08 18:05:14 - INFO - Glyph IDs:   [0, 1, 2, 3, 19, 20, 21, 23, 25, 27, 36, 38, 49, 55, 68, 69, 70, 71, 72, 73, 74, 76, 79, 80, 81, 82, 85, 86, 87, 88, 5038, 5039, 5040, 5041, 5042]
2024-08-08 18:05:14 - INFO - Closing glyph list over 'MATH': 35 glyphs before
2024-08-08 18:05:14 - INFO - Glyph names: ['.notdef', '.null', 'A', 'C', 'N', 'T', 'a', 'b', 'c', 'd', 'e', 'eight', 'f', 'fi', 'fl', 'four', 'g', 'i', 'l', 'm', 'n', 'nonmarkingreturn', 'o', 'one', 'r', 's', 'six', 'space', 't', 'two', 'u', 'uniFB00', 'uniFB03', 'uniFB04', 'zero']
2024-08-08 18:05:14 - INFO - Glyph IDs:   [0, 1, 2, 3, 19, 20, 21, 23, 25, 27, 36, 38, 49, 55, 68, 69, 70, 71, 72, 73, 74, 76, 79, 80, 81, 82, 85, 86, 87, 88, 5038, 5039, 5040, 5041, 5042]
2024-08-08 18:05:14 - INFO - Closed glyph list over 'MATH': 35 glyphs after
2024-08-08 18:05:14 - INFO - Glyph names: ['.notdef', '.null', 'A', 'C', 'N', 'T', 'a', 'b', 'c', 'd', 'e', 'eight', 'f', 'fi', 'fl', 'four', 'g', 'i', 'l', 'm', 'n', 'nonmarkingreturn', 'o', 'one', 'r', 's', 'six', 'space', 't', 'two', 'u', 'uniFB00', 'uniFB03', 'uniFB04', 'zero']
2024-08-08 18:05:14 - INFO - Glyph IDs:   [0, 1, 2, 3, 19, 20, 21, 23, 25, 27, 36, 38, 49, 55, 68, 69, 70, 71, 72, 73, 74, 76, 79, 80, 81, 82, 85, 86, 87, 88, 5038, 5039, 5040, 5041, 5042]
2024-08-08 18:05:14 - INFO - Closing glyph list over 'glyf': 35 glyphs before
2024-08-08 18:05:14 - INFO - Glyph names: ['.notdef', '.null', 'A', 'C', 'N', 'T', 'a', 'b', 'c', 'd', 'e', 'eight', 'f', 'fi', 'fl', 'four', 'g', 'i', 'l', 'm', 'n', 'nonmarkingreturn', 'o', 'one', 'r', 's', 'six', 'space', 't', 'two', 'u', 'uniFB00', 'uniFB03', 'uniFB04', 'zero']
2024-08-08 18:05:14 - INFO - Glyph IDs:   [0, 1, 2, 3, 19, 20, 21, 23, 25, 27, 36, 38, 49, 55, 68, 69, 70, 71, 72, 73, 74, 76, 79, 80, 81, 82, 85, 86, 87, 88, 5038, 5039, 5040, 5041, 5042]
2024-08-08 18:05:14 - INFO - Closed glyph list over 'glyf': 35 glyphs after
2024-08-08 18:05:14 - INFO - Glyph names: ['.notdef', '.null', 'A', 'C', 'N', 'T', 'a', 'b', 'c', 'd', 'e', 'eight', 'f', 'fi', 'fl', 'four', 'g', 'i', 'l', 'm', 'n', 'nonmarkingreturn', 'o', 'one', 'r', 's', 'six', 'space', 't', 'two', 'u', 'uniFB00', 'uniFB03', 'uniFB04', 'zero']
2024-08-08 18:05:14 - INFO - Glyph IDs:   [0, 1, 2, 3, 19, 20, 21, 23, 25, 27, 36, 38, 49, 55, 68, 69, 70, 71, 72, 73, 74, 76, 79, 80, 81, 82, 85, 86, 87, 88, 5038, 5039, 5040, 5041, 5042]
2024-08-08 18:05:14 - INFO - Retaining 35 glyphs
2024-08-08 18:05:14 - INFO - head subsetting not needed
2024-08-08 18:05:14 - INFO - hhea subsetting not needed
2024-08-08 18:05:14 - INFO - maxp subsetting not needed
2024-08-08 18:05:14 - INFO - OS/2 subsetting not needed
2024-08-08 18:05:14 - INFO - hmtx subsetted
2024-08-08 18:05:14 - INFO - cmap subsetted
2024-08-08 18:05:14 - INFO - fpgm subsetting not needed
2024-08-08 18:05:14 - INFO - prep subsetting not needed
2024-08-08 18:05:14 - INFO - cvt  subsetting not needed
2024-08-08 18:05:14 - INFO - loca subsetting not needed
2024-08-08 18:05:14 - INFO - post subsetted
2024-08-08 18:05:14 - INFO - gasp subsetting not needed
2024-08-08 18:05:14 - INFO - MATH subsetted
2024-08-08 18:05:14 - INFO - GDEF subsetted
2024-08-08 18:05:14 - INFO - GPOS subsetted
2024-08-08 18:05:14 - INFO - GSUB subsetted
2024-08-08 18:05:14 - INFO - name subsetting not needed
2024-08-08 18:05:14 - INFO - glyf subsetted
2024-08-08 18:05:14 - INFO - head pruned
2024-08-08 18:05:14 - INFO - OS/2 Unicode ranges pruned: [0]
2024-08-08 18:05:14 - INFO - OS/2 CodePage ranges pruned: [0]
2024-08-08 18:05:14 - INFO - glyf pruned
2024-08-08 18:05:14 - INFO - GDEF pruned
2024-08-08 18:05:14 - INFO - GPOS pruned
2024-08-08 18:05:14 - INFO - GSUB pruned
2024-08-08 18:05:14 - INFO - name pruned
2024-08-08 18:05:14 - INFO - maxp pruned
2024-08-08 18:05:14 - INFO - cmap pruned
2024-08-08 18:05:14 - INFO - kern dropped
2024-08-08 18:05:14 - INFO - post pruned
2024-08-08 18:05:14 - INFO - FFTM dropped
2024-08-08 18:05:14 - INFO - GPOS pruned
2024-08-08 18:05:15 - INFO - GSUB pruned
2024-08-08 18:05:15 - INFO - glyf pruned
2024-08-08 18:05:15 - INFO - Added gid0 to subset
2024-08-08 18:05:15 - INFO - Added first four glyphs to subset
2024-08-08 18:05:15 - INFO - Closing glyph list over 'GSUB': 34 glyphs before
2024-08-08 18:05:15 - INFO - Glyph names: ['.notdef', '.null', 'A', 'C', 'N', 'T', 'a', 'b', 'c', 'd', 'e', 'eight', 'f', 'five', 'four', 'g', 'i', 'l', 'm', 'n', 'nine', 'nonmarkingreturn', 'o', 'one', 'r', 's', 'seven', 'six', 'space', 't', 'three', 'two', 'u', 'zero']
2024-08-08 18:05:15 - INFO - Glyph IDs:   [0, 1, 2, 3, 19, 20, 21, 22, 23, 24, 25, 26, 27, 28, 36, 38, 49, 55, 68, 69, 70, 71, 72, 73, 74, 76, 79, 80, 81, 82, 85, 86, 87, 88]
2024-08-08 18:05:15 - INFO - Closed glyph list over 'GSUB': 39 glyphs after
2024-08-08 18:05:15 - INFO - Glyph names: ['.notdef', '.null', 'A', 'C', 'N', 'T', 'a', 'b', 'c', 'd', 'e', 'eight', 'f', 'fi', 'five', 'fl', 'four', 'g', 'i', 'l', 'm', 'n', 'nine', 'nonmarkingreturn', 'o', 'one', 'r', 's', 'seven', 'six', 'space', 't', 'three', 'two', 'u', 'uniFB00', 'uniFB03', 'uniFB04', 'zero']
2024-08-08 18:05:15 - INFO - Glyph IDs:   [0, 1, 2, 3, 19, 20, 21, 22, 23, 24, 25, 26, 27, 28, 36, 38, 49, 55, 68, 69, 70, 71, 72, 73, 74, 76, 79, 80, 81, 82, 85, 86, 87, 88, 5038, 5039, 5040, 5041, 5042]
2024-08-08 18:05:15 - INFO - Closing glyph list over 'MATH': 39 glyphs before
2024-08-08 18:05:15 - INFO - Glyph names: ['.notdef', '.null', 'A', 'C', 'N', 'T', 'a', 'b', 'c', 'd', 'e', 'eight', 'f', 'fi', 'five', 'fl', 'four', 'g', 'i', 'l', 'm', 'n', 'nine', 'nonmarkingreturn', 'o', 'one', 'r', 's', 'seven', 'six', 'space', 't', 'three', 'two', 'u', 'uniFB00', 'uniFB03', 'uniFB04', 'zero']
2024-08-08 18:05:15 - INFO - Glyph IDs:   [0, 1, 2, 3, 19, 20, 21, 22, 23, 24, 25, 26, 27, 28, 36, 38, 49, 55, 68, 69, 70, 71, 72, 73, 74, 76, 79, 80, 81, 82, 85, 86, 87, 88, 5038, 5039, 5040, 5041, 5042]
2024-08-08 18:05:15 - INFO - Closed glyph list over 'MATH': 39 glyphs after
2024-08-08 18:05:15 - INFO - Glyph names: ['.notdef', '.null', 'A', 'C', 'N', 'T', 'a', 'b', 'c', 'd', 'e', 'eight', 'f', 'fi', 'five', 'fl', 'four', 'g', 'i', 'l', 'm', 'n', 'nine', 'nonmarkingreturn', 'o', 'one', 'r', 's', 'seven', 'six', 'space', 't', 'three', 'two', 'u', 'uniFB00', 'uniFB03', 'uniFB04', 'zero']
2024-08-08 18:05:15 - INFO - Glyph IDs:   [0, 1, 2, 3, 19, 20, 21, 22, 23, 24, 25, 26, 27, 28, 36, 38, 49, 55, 68, 69, 70, 71, 72, 73, 74, 76, 79, 80, 81, 82, 85, 86, 87, 88, 5038, 5039, 5040, 5041, 5042]
2024-08-08 18:05:15 - INFO - Closing glyph list over 'glyf': 39 glyphs before
2024-08-08 18:05:15 - INFO - Glyph names: ['.notdef', '.null', 'A', 'C', 'N', 'T', 'a', 'b', 'c', 'd', 'e', 'eight', 'f', 'fi', 'five', 'fl', 'four', 'g', 'i', 'l', 'm', 'n', 'nine', 'nonmarkingreturn', 'o', 'one', 'r', 's', 'seven', 'six', 'space', 't', 'three', 'two', 'u', 'uniFB00', 'uniFB03', 'uniFB04', 'zero']
2024-08-08 18:05:15 - INFO - Glyph IDs:   [0, 1, 2, 3, 19, 20, 21, 22, 23, 24, 25, 26, 27, 28, 36, 38, 49, 55, 68, 69, 70, 71, 72, 73, 74, 76, 79, 80, 81, 82, 85, 86, 87, 88, 5038, 5039, 5040, 5041, 5042]
2024-08-08 18:05:15 - INFO - Closed glyph list over 'glyf': 39 glyphs after
2024-08-08 18:05:15 - INFO - Glyph names: ['.notdef', '.null', 'A', 'C', 'N', 'T', 'a', 'b', 'c', 'd', 'e', 'eight', 'f', 'fi', 'five', 'fl', 'four', 'g', 'i', 'l', 'm', 'n', 'nine', 'nonmarkingreturn', 'o', 'one', 'r', 's', 'seven', 'six', 'space', 't', 'three', 'two', 'u', 'uniFB00', 'uniFB03', 'uniFB04', 'zero']
2024-08-08 18:05:15 - INFO - Glyph IDs:   [0, 1, 2, 3, 19, 20, 21, 22, 23, 24, 25, 26, 27, 28, 36, 38, 49, 55, 68, 69, 70, 71, 72, 73, 74, 76, 79, 80, 81, 82, 85, 86, 87, 88, 5038, 5039, 5040, 5041, 5042]
2024-08-08 18:05:15 - INFO - Retaining 39 glyphs
2024-08-08 18:05:15 - INFO - head subsetting not needed
2024-08-08 18:05:15 - INFO - hhea subsetting not needed
2024-08-08 18:05:15 - INFO - maxp subsetting not needed
2024-08-08 18:05:15 - INFO - OS/2 subsetting not needed
2024-08-08 18:05:15 - INFO - hmtx subsetted
2024-08-08 18:05:15 - INFO - cmap subsetted
2024-08-08 18:05:15 - INFO - fpgm subsetting not needed
2024-08-08 18:05:15 - INFO - prep subsetting not needed
2024-08-08 18:05:15 - INFO - cvt  subsetting not needed
2024-08-08 18:05:15 - INFO - loca subsetting not needed
2024-08-08 18:05:15 - INFO - post subsetted
2024-08-08 18:05:15 - INFO - gasp subsetting not needed
2024-08-08 18:05:15 - INFO - MATH subsetted
2024-08-08 18:05:15 - INFO - GDEF subsetted
2024-08-08 18:05:15 - INFO - GPOS subsetted
2024-08-08 18:05:15 - INFO - GSUB subsetted
2024-08-08 18:05:15 - INFO - name subsetting not needed
2024-08-08 18:05:15 - INFO - glyf subsetted
2024-08-08 18:05:15 - INFO - head pruned
2024-08-08 18:05:15 - INFO - OS/2 Unicode ranges pruned: [0]
2024-08-08 18:05:15 - INFO - OS/2 CodePage ranges pruned: [0]
2024-08-08 18:05:15 - INFO - glyf pruned
2024-08-08 18:05:15 - INFO - GDEF pruned
2024-08-08 18:05:15 - INFO - GPOS pruned
2024-08-08 18:05:15 - INFO - GSUB pruned
2024-08-08 18:05:15 - INFO - name pruned
2024-08-08 18:05:15 - INFO - maxp pruned
2024-08-08 18:05:15 - INFO - cmap pruned
2024-08-08 18:05:15 - INFO - kern dropped
2024-08-08 18:05:15 - INFO - post pruned
2024-08-08 18:05:15 - INFO - FFTM dropped
2024-08-08 18:05:15 - INFO - GPOS pruned
2024-08-08 18:05:15 - INFO - GSUB pruned
2024-08-08 18:05:15 - INFO - glyf pruned
2024-08-08 18:05:15 - INFO - Added gid0 to subset
2024-08-08 18:05:15 - INFO - Added first four glyphs to subset
2024-08-08 18:05:15 - INFO - Closing glyph list over 'GSUB': 33 glyphs before
2024-08-08 18:05:15 - INFO - Glyph names: ['.notdef', '.null', 'A', 'C', 'N', 'T', 'a', 'b', 'c', 'd', 'e', 'eight', 'f', 'five', 'four', 'g', 'l', 'm', 'n', 'nine', 'nonmarkingreturn', 'o', 'one', 'r', 's', 'seven', 'six', 'space', 't', 'three', 'two', 'u', 'zero']
2024-08-08 18:05:15 - INFO - Glyph IDs:   [0, 1, 2, 3, 19, 20, 21, 22, 23, 24, 25, 26, 27, 28, 36, 38, 49, 55, 68, 69, 70, 71, 72, 73, 74, 79, 80, 81, 82, 85, 86, 87, 88]
2024-08-08 18:05:15 - INFO - Closed glyph list over 'GSUB': 36 glyphs after
2024-08-08 18:05:15 - INFO - Glyph names: ['.notdef', '.null', 'A', 'C', 'N', 'T', 'a', 'b', 'c', 'd', 'e', 'eight', 'f', 'five', 'fl', 'four', 'g', 'l', 'm', 'n', 'nine', 'nonmarkingreturn', 'o', 'one', 'r', 's', 'seven', 'six', 'space', 't', 'three', 'two', 'u', 'uniFB00', 'uniFB04', 'zero']
2024-08-08 18:05:15 - INFO - Glyph IDs:   [0, 1, 2, 3, 19, 20, 21, 22, 23, 24, 25, 26, 27, 28, 36, 38, 49, 55, 68, 69, 70, 71, 72, 73, 74, 79, 80, 81, 82, 85, 86, 87, 88, 5038, 5040, 5042]
2024-08-08 18:05:15 - INFO - Closing glyph list over 'MATH': 36 glyphs before
2024-08-08 18:05:15 - INFO - Glyph names: ['.notdef', '.null', 'A', 'C', 'N', 'T', 'a', 'b', 'c', 'd', 'e', 'eight', 'f', 'five', 'fl', 'four', 'g', 'l', 'm', 'n', 'nine', 'nonmarkingreturn', 'o', 'one', 'r', 's', 'seven', 'six', 'space', 't', 'three', 'two', 'u', 'uniFB00', 'uniFB04', 'zero']
2024-08-08 18:05:15 - INFO - Glyph IDs:   [0, 1, 2, 3, 19, 20, 21, 22, 23, 24, 25, 26, 27, 28, 36, 38, 49, 55, 68, 69, 70, 71, 72, 73, 74, 79, 80, 81, 82, 85, 86, 87, 88, 5038, 5040, 5042]
2024-08-08 18:05:15 - INFO - Closed glyph list over 'MATH': 36 glyphs after
2024-08-08 18:05:15 - INFO - Glyph names: ['.notdef', '.null', 'A', 'C', 'N', 'T', 'a', 'b', 'c', 'd', 'e', 'eight', 'f', 'five', 'fl', 'four', 'g', 'l', 'm', 'n', 'nine', 'nonmarkingreturn', 'o', 'one', 'r', 's', 'seven', 'six', 'space', 't', 'three', 'two', 'u', 'uniFB00', 'uniFB04', 'zero']
2024-08-08 18:05:15 - INFO - Glyph IDs:   [0, 1, 2, 3, 19, 20, 21, 22, 23, 24, 25, 26, 27, 28, 36, 38, 49, 55, 68, 69, 70, 71, 72, 73, 74, 79, 80, 81, 82, 85, 86, 87, 88, 5038, 5040, 5042]
2024-08-08 18:05:15 - INFO - Closing glyph list over 'glyf': 36 glyphs before
2024-08-08 18:05:15 - INFO - Glyph names: ['.notdef', '.null', 'A', 'C', 'N', 'T', 'a', 'b', 'c', 'd', 'e', 'eight', 'f', 'five', 'fl', 'four', 'g', 'l', 'm', 'n', 'nine', 'nonmarkingreturn', 'o', 'one', 'r', 's', 'seven', 'six', 'space', 't', 'three', 'two', 'u', 'uniFB00', 'uniFB04', 'zero']
2024-08-08 18:05:15 - INFO - Glyph IDs:   [0, 1, 2, 3, 19, 20, 21, 22, 23, 24, 25, 26, 27, 28, 36, 38, 49, 55, 68, 69, 70, 71, 72, 73, 74, 79, 80, 81, 82, 85, 86, 87, 88, 5038, 5040, 5042]
2024-08-08 18:05:15 - INFO - Closed glyph list over 'glyf': 36 glyphs after
2024-08-08 18:05:15 - INFO - Glyph names: ['.notdef', '.null', 'A', 'C', 'N', 'T', 'a', 'b', 'c', 'd', 'e', 'eight', 'f', 'five', 'fl', 'four', 'g', 'l', 'm', 'n', 'nine', 'nonmarkingreturn', 'o', 'one', 'r', 's', 'seven', 'six', 'space', 't', 'three', 'two', 'u', 'uniFB00', 'uniFB04', 'zero']
2024-08-08 18:05:15 - INFO - Glyph IDs:   [0, 1, 2, 3, 19, 20, 21, 22, 23, 24, 25, 26, 27, 28, 36, 38, 49, 55, 68, 69, 70, 71, 72, 73, 74, 79, 80, 81, 82, 85, 86, 87, 88, 5038, 5040, 5042]
2024-08-08 18:05:15 - INFO - Retaining 36 glyphs
2024-08-08 18:05:15 - INFO - head subsetting not needed
2024-08-08 18:05:15 - INFO - hhea subsetting not needed
2024-08-08 18:05:15 - INFO - maxp subsetting not needed
2024-08-08 18:05:15 - INFO - OS/2 subsetting not needed
2024-08-08 18:05:15 - INFO - hmtx subsetted
2024-08-08 18:05:15 - INFO - cmap subsetted
2024-08-08 18:05:15 - INFO - fpgm subsetting not needed
2024-08-08 18:05:15 - INFO - prep subsetting not needed
2024-08-08 18:05:15 - INFO - cvt  subsetting not needed
2024-08-08 18:05:15 - INFO - loca subsetting not needed
2024-08-08 18:05:15 - INFO - post subsetted
2024-08-08 18:05:15 - INFO - gasp subsetting not needed
2024-08-08 18:05:15 - INFO - MATH subsetted
2024-08-08 18:05:15 - INFO - GDEF subsetted
2024-08-08 18:05:15 - INFO - GPOS subsetted
2024-08-08 18:05:15 - INFO - GSUB subsetted
2024-08-08 18:05:15 - INFO - name subsetting not needed
2024-08-08 18:05:15 - INFO - glyf subsetted
2024-08-08 18:05:15 - INFO - head pruned
2024-08-08 18:05:15 - INFO - OS/2 Unicode ranges pruned: [0]
2024-08-08 18:05:15 - INFO - OS/2 CodePage ranges pruned: [0]
2024-08-08 18:05:15 - INFO - glyf pruned
2024-08-08 18:05:15 - INFO - GDEF pruned
2024-08-08 18:05:15 - INFO - GPOS pruned
2024-08-08 18:05:15 - INFO - GSUB pruned
2024-08-08 18:05:15 - INFO - name pruned
