Aug-08 18:00:41.595 [main] DEBUG nextflow.cli.Launcher - $> nextflow run figure_making.nf
Aug-08 18:00:41.688 [main] INFO  nextflow.cli.CmdRun - N E X T F L O W  ~  version 22.04.3
Aug-08 18:00:41.715 [main] DEBUG nextflow.config.ConfigBuilder - Found config local: /net/seq/data2/projects/apetukhova/ENCODE4/scripts/barcodes_matching/nf-scATAC-mapping/scATACking/nextflow/nextflow.config
Aug-08 18:00:41.715 [main] DEBUG nextflow.config.ConfigBuilder - Parsing config file: /net/seq/data2/projects/apetukhova/ENCODE4/scripts/barcodes_matching/nf-scATAC-mapping/scATACking/nextflow/nextflow.config
Aug-08 18:00:41.741 [main] DEBUG nextflow.config.ConfigBuilder - Applying config profile: `standard`
Aug-08 18:00:42.501 [main] DEBUG nextflow.cli.CmdRun - Applied DSL=2 from script declararion
Aug-08 18:00:42.526 [main] INFO  nextflow.cli.CmdRun - Launching `figure_making.nf` [drunk_lamarck] DSL2 - revision: 071c1ce5c2
Aug-08 18:00:42.543 [main] DEBUG nextflow.plugin.PluginsFacade - Setting up plugin manager > mode=prod; plugins-dir=/home/apetukhova/.nextflow/plugins; core-plugins: nf-amazon@1.7.2,nf-azure@0.13.2,nf-console@1.0.3,nf-ga4gh@1.0.3,nf-google@1.1.4,nf-sqldb@0.4.0,nf-tower@1.4.0
Aug-08 18:00:42.547 [main] DEBUG nextflow.plugin.PluginsFacade - Plugins default=[]
Aug-08 18:00:42.575 [main] INFO  org.pf4j.DefaultPluginStatusProvider - Enabled plugins: []
Aug-08 18:00:42.577 [main] INFO  org.pf4j.DefaultPluginStatusProvider - Disabled plugins: []
Aug-08 18:00:42.582 [main] INFO  org.pf4j.DefaultPluginManager - PF4J version 3.4.1 in 'deployment' mode
Aug-08 18:00:42.594 [main] INFO  org.pf4j.AbstractPluginManager - No plugins
Aug-08 18:00:42.653 [main] DEBUG nextflow.Session - Session uuid: 8eecae60-5f59-4f73-bf3d-a3a760cb8913
Aug-08 18:00:42.653 [main] DEBUG nextflow.Session - Run name: drunk_lamarck
Aug-08 18:00:42.653 [main] DEBUG nextflow.Session - Executor pool size: 40
Aug-08 18:00:42.696 [main] DEBUG nextflow.cli.CmdRun - 
  Version: 22.04.3 build 5703
  Created: 18-05-2022 19:22 UTC (12:22 PDT)
  System: Linux 3.10.0-1160.80.1.el7.x86_64
  Runtime: Groovy 3.0.10 on OpenJDK 64-Bit Server VM 11.0.15+10
  Encoding: UTF-8 (UTF-8)
  Process: 10098@dev1.altiusinstitute.org [10.129.16.38]
  CPUs: 40 - Mem: 125.5 GB (1.7 GB) - Swap: 0 (0)
Aug-08 18:00:42.794 [main] DEBUG nextflow.Session - Work-dir: /net/seq/data2/projects/apetukhova/ENCODE4/scripts/barcodes_matching/nf-scATAC-mapping/scATACking/nextflow/work [nfs]
Aug-08 18:00:44.560 [main] DEBUG nextflow.executor.ExecutorFactory - Extension executors providers=[]
Aug-08 18:00:44.573 [main] DEBUG nextflow.Session - Observer factory: DefaultObserverFactory
Aug-08 18:00:44.600 [main] DEBUG nextflow.cache.CacheFactory - Using Nextflow cache factory: nextflow.cache.DefaultCacheFactory
Aug-08 18:00:44.613 [main] DEBUG nextflow.util.CustomThreadPool - Creating default thread pool > poolSize: 41; maxThreads: 1000
Aug-08 18:00:44.810 [main] DEBUG nextflow.Session - Session start invoked
Aug-08 18:00:45.245 [main] DEBUG nextflow.script.ScriptRunner - > Launching execution
Aug-08 18:00:45.474 [main] DEBUG nextflow.executor.ExecutorFactory - << taskConfig executor: slurm
Aug-08 18:00:45.474 [main] DEBUG nextflow.executor.ExecutorFactory - >> processorType: 'slurm'
Aug-08 18:00:45.484 [main] DEBUG nextflow.executor.Executor - [warm up] executor > slurm
Aug-08 18:00:45.491 [main] DEBUG n.processor.TaskPollingMonitor - Creating task monitor for executor 'slurm' > capacity: 100; pollInterval: 5s; dumpInterval: 5m 
Aug-08 18:00:45.496 [main] DEBUG n.executor.AbstractGridExecutor - Creating executor 'slurm' > queue-stat-interval: 1m
Aug-08 18:00:45.574 [main] DEBUG nextflow.Session - Workflow process names [dsl2]: figures_making
Aug-08 18:00:45.575 [main] DEBUG nextflow.Session - Ignite dataflow network (2)
Aug-08 18:00:45.581 [main] DEBUG nextflow.processor.TaskProcessor - Starting process > figures_making
Aug-08 18:00:45.582 [main] DEBUG nextflow.script.ScriptRunner - > Await termination 
Aug-08 18:00:45.582 [main] DEBUG nextflow.Session - Session await
Aug-08 18:00:45.792 [Actor Thread 10] DEBUG nextflow.conda.CondaCache - conda found local env for environment=/home/apetukhova/anaconda3/envs/snapatac/; path=/home/apetukhova/anaconda3/envs/snapatac
Aug-08 18:00:46.070 [Task submitter] DEBUG nextflow.executor.GridTaskHandler - [SLURM] submitted process figures_making (ENCSR007QIO) > jobId: 22428928; workDir: /net/seq/data2/projects/apetukhova/ENCODE4/scripts/barcodes_matching/nf-scATAC-mapping/scATACking/nextflow/work/5c/e2b3ab2bf8b143f2237e5d4aa93565
Aug-08 18:00:46.071 [Task submitter] INFO  nextflow.Session - [5c/e2b3ab] Submitted process > figures_making (ENCSR007QIO)
Aug-08 18:05:35.533 [Task monitor] DEBUG n.processor.TaskPollingMonitor - Task completed > TaskHandler[jobId: 22428928; id: 1; name: figures_making (ENCSR007QIO); status: COMPLETED; exit: 0; error: -; workDir: /net/seq/data2/projects/apetukhova/ENCODE4/scripts/barcodes_matching/nf-scATAC-mapping/scATACking/nextflow/work/5c/e2b3ab2bf8b143f2237e5d4aa93565 started: 1723165250504; exited: 2024-08-09T01:05:19.09634Z; ]
Aug-08 18:05:35.577 [Task monitor] DEBUG nextflow.util.ThreadPoolBuilder - Creating thread pool 'FileTransfer' minSize=4; maxSize=4; workQueue=LinkedBlockingQueue[10000]; allowCoreThreadTimeout=false
Aug-08 18:05:35.583 [main] DEBUG nextflow.Session - Session await > all process finished
Aug-08 18:05:35.587 [main] DEBUG nextflow.Session - Session await > all barriers passed
Aug-08 18:05:35.692 [main] DEBUG nextflow.trace.WorkflowStatsObserver - Workflow completed > WorkflowStats[succeededCount=1; failedCount=0; ignoredCount=0; cachedCount=0; pendingCount=0; submittedCount=0; runningCount=0; retriesCount=0; abortedCount=0; succeedDuration=4m 45s; failedDuration=0ms; cachedDuration=0ms;loadCpus=0; loadMemory=0; peakRunning=1; peakCpus=1; peakMemory=50 GB; ]
Aug-08 18:05:35.894 [main] DEBUG nextflow.cache.CacheDB - Closing CacheDB done
Aug-08 18:05:35.935 [main] DEBUG nextflow.script.ScriptRunner - > Execution complete -- Goodbye
